0 info it worked if it ends with ok
1 verbose cli [ '/usr/local/bin/node',
1 verbose cli   '/usr/local/bin/npm',
1 verbose cli   'install',
1 verbose cli   '-g',
1 verbose cli   'cordova' ]
2 info using npm@2.14.12
3 info using node@v4.3.1
4 verbose install initial load of /usr/local/lib/package.json
5 verbose readDependencies loading dependencies from /usr/local/lib/package.json
6 silly cache add args [ 'cordova', null ]
7 verbose cache add spec cordova
8 silly cache add parsed spec Result {
8 silly cache add   raw: 'cordova',
8 silly cache add   scope: null,
8 silly cache add   name: 'cordova',
8 silly cache add   rawSpec: '',
8 silly cache add   spec: 'latest',
8 silly cache add   type: 'tag' }
9 silly addNamed cordova@latest
10 verbose addNamed "latest" is being treated as a dist-tag for cordova
11 info addNameTag [ 'cordova', 'latest' ]
12 silly mapToRegistry name cordova
13 silly mapToRegistry using default registry
14 silly mapToRegistry registry https://registry.npmjs.org/
15 silly mapToRegistry uri https://registry.npmjs.org/cordova
16 verbose addNameTag registry:https://registry.npmjs.org/cordova not in flight; fetching
17 verbose request uri https://registry.npmjs.org/cordova
18 verbose request no auth needed
19 info attempt registry request try #1 at 12:57:41 PM
20 verbose request id a5fca9458a69b7dd
21 verbose etag "DGLHS144R60G2H47HF3PCWYP5"
22 http request GET https://registry.npmjs.org/cordova
23 http 304 https://registry.npmjs.org/cordova
24 verbose headers { date: 'Thu, 10 Mar 2016 23:57:41 GMT',
24 verbose headers   via: '1.1 varnish',
24 verbose headers   'cache-control': 'max-age=300',
24 verbose headers   etag: '"DGLHS144R60G2H47HF3PCWYP5"',
24 verbose headers   age: '227',
24 verbose headers   connection: 'keep-alive',
24 verbose headers   'x-served-by': 'cache-akl6420-AKL',
24 verbose headers   'x-cache': 'HIT',
24 verbose headers   'x-cache-hits': '1',
24 verbose headers   'x-timer': 'S1457654261.642910,VS0,VE0',
24 verbose headers   vary: 'Accept' }
25 silly get cb [ 304,
25 silly get   { date: 'Thu, 10 Mar 2016 23:57:41 GMT',
25 silly get     via: '1.1 varnish',
25 silly get     'cache-control': 'max-age=300',
25 silly get     etag: '"DGLHS144R60G2H47HF3PCWYP5"',
25 silly get     age: '227',
25 silly get     connection: 'keep-alive',
25 silly get     'x-served-by': 'cache-akl6420-AKL',
25 silly get     'x-cache': 'HIT',
25 silly get     'x-cache-hits': '1',
25 silly get     'x-timer': 'S1457654261.642910,VS0,VE0',
25 silly get     vary: 'Accept' } ]
26 verbose etag https://registry.npmjs.org/cordova from cache
27 verbose get saving cordova to /Users/Jack/.npm/registry.npmjs.org/cordova/.cache.json
28 silly addNameTag next cb for cordova with tag latest
29 silly addNamed cordova@6.0.0
30 verbose addNamed "6.0.0" is a plain semver version for cordova
31 silly cache afterAdd cordova@6.0.0
32 verbose afterAdd /Users/Jack/.npm/cordova/6.0.0/package/package.json not in flight; writing
33 verbose afterAdd /Users/Jack/.npm/cordova/6.0.0/package/package.json written
34 silly install resolved [ { name: 'cordova',
34 silly install resolved     version: '6.0.0',
34 silly install resolved     preferGlobal: 'true',
34 silly install resolved     description: 'Cordova command line interface tool',
34 silly install resolved     main: 'cordova',
34 silly install resolved     engines: { node: '>=0.9.9' },
34 silly install resolved     engineStrict: true,
34 silly install resolved     bin: { cordova: './bin/cordova' },
34 silly install resolved     scripts:
34 silly install resolved      { test: 'node node_modules/jasmine-node/bin/jasmine-node --captureExceptions --color spec',
34 silly install resolved        cover: 'node node_modules/istanbul/lib/cli.js cover --root src --print detail node_modules/jasmine-node/bin/jasmine-node -- spec' },
34 silly install resolved     repository:
34 silly install resolved      { type: 'git',
34 silly install resolved        url: 'https://git-wip-us.apache.org/repos/asf/cordova-cli.git' },
34 silly install resolved     bugs:
34 silly install resolved      { url: 'https://issues.apache.org/jira/browse/CB',
34 silly install resolved        email: 'dev@cordova.apache.org' },
34 silly install resolved     keywords: [ 'cordova', 'client', 'cli' ],
34 silly install resolved     dependencies:
34 silly install resolved      { ansi: '^0.3.0',
34 silly install resolved        'cordova-lib': '6.0.0',
34 silly install resolved        q: '1.0.1',
34 silly install resolved        nopt: '3.0.1',
34 silly install resolved        underscore: '1.7.0',
34 silly install resolved        'update-notifier': '^0.5.0' },
34 silly install resolved     devDependencies:
34 silly install resolved      { istanbul: '^0.3.4',
34 silly install resolved        grunt: '0.4.5',
34 silly install resolved        'grunt-retire': '0.3.7',
34 silly install resolved        'jasmine-node': '1.14.5' },
34 silly install resolved     author: { name: 'Anis Kadri' },
34 silly install resolved     contributors:
34 silly install resolved      [ [Object],
34 silly install resolved        [Object],
34 silly install resolved        [Object],
34 silly install resolved        [Object],
34 silly install resolved        [Object],
34 silly install resolved        [Object],
34 silly install resolved        [Object],
34 silly install resolved        [Object],
34 silly install resolved        [Object],
34 silly install resolved        [Object],
34 silly install resolved        [Object],
34 silly install resolved        [Object],
34 silly install resolved        [Object],
34 silly install resolved        [Object],
34 silly install resolved        [Object],
34 silly install resolved        [Object],
34 silly install resolved        [Object],
34 silly install resolved        [Object],
34 silly install resolved        [Object],
34 silly install resolved        [Object],
34 silly install resolved        [Object],
34 silly install resolved        [Object],
34 silly install resolved        [Object],
34 silly install resolved        [Object] ],
34 silly install resolved     license: 'Apache version 2.0',
34 silly install resolved     _id: 'cordova@6.0.0',
34 silly install resolved     _shasum: '2c1e75a9c0dd6cee8381d5608870087ab44f3e68',
34 silly install resolved     _resolved: 'https://registry.npmjs.org/cordova/-/cordova-6.0.0.tgz',
34 silly install resolved     _from: 'cordova@latest',
34 silly install resolved     _npmVersion: '3.5.3',
34 silly install resolved     _nodeVersion: '5.4.1',
34 silly install resolved     _npmUser: { name: 'stevegill', email: 'stevengill97@gmail.com' },
34 silly install resolved     dist:
34 silly install resolved      { shasum: '2c1e75a9c0dd6cee8381d5608870087ab44f3e68',
34 silly install resolved        tarball: 'http://registry.npmjs.org/cordova/-/cordova-6.0.0.tgz' },
34 silly install resolved     maintainers:
34 silly install resolved      [ [Object],
34 silly install resolved        [Object],
34 silly install resolved        [Object],
34 silly install resolved        [Object],
34 silly install resolved        [Object],
34 silly install resolved        [Object],
34 silly install resolved        [Object],
34 silly install resolved        [Object],
34 silly install resolved        [Object],
34 silly install resolved        [Object],
34 silly install resolved        [Object],
34 silly install resolved        [Object],
34 silly install resolved        [Object],
34 silly install resolved        [Object],
34 silly install resolved        [Object],
34 silly install resolved        [Object],
34 silly install resolved        [Object],
34 silly install resolved        [Object] ],
34 silly install resolved     directories: {},
34 silly install resolved     readme: 'ERROR: No README data found!' } ]
35 info install cordova@6.0.0 into /usr/local/lib
36 info installOne cordova@6.0.0
37 verbose installOne of cordova to /usr/local/lib not in flight; installing
38 verbose lock using /Users/Jack/.npm/_locks/cordova-fa12e2e096426a32.lock for /usr/local/lib/node_modules/cordova
39 silly install write writing cordova 6.0.0 to /usr/local/lib/node_modules/cordova
40 verbose unbuild lib/node_modules/cordova
41 info preuninstall cordova@6.0.0
42 info uninstall cordova@6.0.0
43 verbose unbuild rmStuff cordova@6.0.0 from /usr/local/lib/node_modules
44 silly gentlyRm /usr/local/bin/cordova is being gently removed
45 silly gentlyRm verifying /usr/local is an npm working directory
46 silly gentlyRm containing path /usr/local is under npm's control, in /usr/local
47 silly gentlyRm deletion target /usr/local/bin/cordova is under /usr/local
48 verbose gentlyRm vacuuming from /usr/local/bin/cordova up to /usr/local
49 info postuninstall cordova@6.0.0
50 silly gentlyRm /usr/local/lib/node_modules/cordova is being purged from base /usr/local
51 verbose gentlyRm don't care about contents; nuking /usr/local/lib/node_modules/cordova
52 silly vacuum-fs purging /usr/local/lib/node_modules/cordova
53 verbose unlock done using /Users/Jack/.npm/_locks/cordova-fa12e2e096426a32.lock for /usr/local/lib/node_modules/cordova
54 verbose stack Error: EACCES: permission denied, rmdir '/usr/local/lib/node_modules/cordova'
54 verbose stack     at Error (native)
55 verbose cwd /Users/Jack/GitHub/Tyde
56 error Darwin 15.3.0
57 error argv "/usr/local/bin/node" "/usr/local/bin/npm" "install" "-g" "cordova"
58 error node v4.3.1
59 error npm  v2.14.12
60 error path /usr/local/lib/node_modules/cordova
61 error code EACCES
62 error errno -13
63 error syscall rmdir
64 error Error: EACCES: permission denied, rmdir '/usr/local/lib/node_modules/cordova'
64 error     at Error (native)
64 error  { [Error: EACCES: permission denied, rmdir '/usr/local/lib/node_modules/cordova']
64 error   errno: -13,
64 error   code: 'EACCES',
64 error   syscall: 'rmdir',
64 error   path: '/usr/local/lib/node_modules/cordova' }
65 error Please try running this command again as root/Administrator.
66 verbose exit [ -13, true ]
67 verbose unbuild lib/node_modules/cordova
68 info preuninstall cordova@6.0.0
69 info uninstall cordova@6.0.0
70 verbose unbuild rmStuff cordova@6.0.0 from /usr/local/lib/node_modules
71 silly gentlyRm /usr/local/bin/cordova is being gently removed
72 silly gentlyRm verifying /usr/local is an npm working directory
73 silly gentlyRm containing path /usr/local is under npm's control, in /usr/local
74 silly gentlyRm deletion target /usr/local/bin/cordova is under /usr/local
75 verbose gentlyRm vacuuming from /usr/local/bin/cordova up to /usr/local
76 info postuninstall cordova@6.0.0
77 silly gentlyRm /usr/local/lib/node_modules/cordova is being purged from base /usr/local
78 verbose gentlyRm don't care about contents; nuking /usr/local/lib/node_modules/cordova
79 silly vacuum-fs purging /usr/local/lib/node_modules/cordova
80 error error rolling back Error: EACCES: permission denied, rmdir '/usr/local/lib/node_modules/cordova'
80 error error rolling back     at Error (native)
80 error error rolling back  { [Error: EACCES: permission denied, rmdir '/usr/local/lib/node_modules/cordova']
80 error error rolling back   errno: -13,
80 error error rolling back   code: 'EACCES',
80 error error rolling back   syscall: 'rmdir',
80 error error rolling back   path: '/usr/local/lib/node_modules/cordova' }
